2025-03-05 22:23:08,527 - __main__ - INFO - Ensured storage directory exists: /Volumes/Macintosh HD/Users/adithyashankar/Downloads
2025-03-05 22:23:08,527 - flet_runtime - INFO - Assets path configured: /Users/adithyashankar/Developer/password-generator/assets
2025-03-05 22:23:08,528 - flet_runtime - INFO - Starting up UDS server on /var/folders/dk/t6ggqnmn057ghhy14tsq1ffh0000gn/T/wUpLUHMsWr
2025-03-05 22:23:08,528 - flet_runtime - INFO - App URL: /var/folders/dk/t6ggqnmn057ghhy14tsq1ffh0000gn/T/wUpLUHMsWr
2025-03-05 22:23:08,528 - flet_runtime - INFO - Connected to Flet app and handling user sessions...
2025-03-05 22:23:08,528 - flet_runtime - INFO - Starting Flet View app...
2025-03-05 22:23:08,528 - flet_runtime - INFO - Flet View found in: /Users/adithyashankar/.flet/bin/flet-0.19.0
2025-03-05 22:23:08,722 - flet_runtime - INFO - Session started: 
2025-03-05 22:23:08,923 - __main__ - ERROR - Failed to initialize application: Container.__init__() got an unexpected keyword argument 'floating_action_button'
Traceback (most recent call last):
  File "/Users/adithyashankar/Developer/password-generator/main.py", line 46, in main
    app = MainWindow(page)
  File "/Users/adithyashankar/Developer/password-generator/ui/main_window.py", line 152, in __init__
    content=self.secure_notes_tab.build()
  File "/Users/adithyashankar/Developer/password-generator/ui/secure_notes_tab.py", line 191, in build
    return ft.Container(
           ~~~~~~~~~~~~^
        content=ft.Column([
        ^^^^^^^^^^^^^^^^^^^
    ...<48 lines>...
        floating_action_button_location=ft.FloatingActionButtonLocation.END_FLOAT
        ^^^^^^^^^^^^^^^^^^^^^^^^^^^^^^^^^^^^^^^^^^^^^^^^^^^^^^^^^^^^^^^^^^^^^^^^^
    )
    ^
TypeError: Container.__init__() got an unexpected keyword argument 'floating_action_button'
2025-03-05 22:25:38,338 - __main__ - INFO - Ensured storage directory exists: /Volumes/Macintosh HD/Users/adithyashankar/Downloads
2025-03-05 22:25:38,338 - flet_runtime - INFO - Assets path configured: /Users/adithyashankar/Developer/password-generator/assets
2025-03-05 22:25:38,338 - flet_runtime - INFO - Starting up UDS server on /var/folders/dk/t6ggqnmn057ghhy14tsq1ffh0000gn/T/BhKyIhxhWR
2025-03-05 22:25:38,338 - flet_runtime - INFO - App URL: /var/folders/dk/t6ggqnmn057ghhy14tsq1ffh0000gn/T/BhKyIhxhWR
2025-03-05 22:25:38,338 - flet_runtime - INFO - Connected to Flet app and handling user sessions...
2025-03-05 22:25:38,338 - flet_runtime - INFO - Starting Flet View app...
2025-03-05 22:25:38,339 - flet_runtime - INFO - Flet View found in: /Users/adithyashankar/.flet/bin/flet-0.19.0
2025-03-05 22:25:38,526 - flet_runtime - INFO - Session started: 
2025-03-05 22:25:38,835 - __main__ - INFO - Application initialized successfully
2025-03-05 22:26:06,421 - __main__ - INFO - Ensured storage directory exists: /Volumes/Macintosh HD/Users/adithyashankar/Downloads
2025-03-05 22:26:06,422 - flet_runtime - INFO - Assets path configured: /Users/adithyashankar/Developer/password-generator/assets
2025-03-05 22:26:06,422 - flet_runtime - INFO - Starting up UDS server on /var/folders/dk/t6ggqnmn057ghhy14tsq1ffh0000gn/T/UcdprsURML
2025-03-05 22:26:06,422 - flet_runtime - INFO - App URL: /var/folders/dk/t6ggqnmn057ghhy14tsq1ffh0000gn/T/UcdprsURML
2025-03-05 22:26:06,422 - flet_runtime - INFO - Connected to Flet app and handling user sessions...
2025-03-05 22:26:06,422 - flet_runtime - INFO - Starting Flet View app...
2025-03-05 22:26:06,423 - flet_runtime - INFO - Flet View found in: /Users/adithyashankar/.flet/bin/flet-0.19.0
2025-03-05 22:26:06,592 - flet_runtime - INFO - Session started: 
2025-03-05 22:26:06,785 - __main__ - INFO - Application initialized successfully
2025-03-05 22:26:19,649 - ui.main_window - WARNING - Biometric authentication not supported for tab 1
2025-03-05 22:26:37,939 - ui.main_window - WARNING - Biometric authentication not supported for tab 1
2025-03-05 22:26:41,672 - ui.main_window - WARNING - Biometric authentication not supported for tab 1
2025-03-05 22:26:53,222 - ui.main_window - WARNING - Biometric authentication not supported for tab 1
2025-03-05 22:27:08,038 - ui.main_window - WARNING - Biometric authentication not supported for tab 2
2025-03-05 22:27:11,455 - ui.main_window - WARNING - Biometric authentication not supported for tab 3
